<?xml version="1.0" encoding="UTF-8"?>
<!-- Generated by org.testng.reporters.JUnitReportReporter -->
<testsuite hostname="DESKTOP-6OC02CU" failures="0" tests="2" name="swarsa.pageobjects.ErrorValidations" time="11.511" errors="0" timestamp="2024-11-16T18:55:34 IST" skipped="0">
  <testcase classname="swarsa.pageobjects.ErrorValidations" name="loginErrorValidation" time="3.742"/>
  <testcase classname="swarsa.pageobjects.ErrorValidations" name="productErrorValidation" time="7.769"/>
</testsuite> <!-- swarsa.pageobjects.ErrorValidations -->
