<?xml version="1.0" encoding="UTF-8"?>
<!-- Generated by org.testng.reporters.JUnitReportReporter -->
<testsuite hostname="DESKTOP-6OC02CU" failures="0" tests="3" name="swarsa.pageobjects.SubmitOrderTest" time="20.862" errors="0" timestamp="2024-11-16T18:55:34 IST" skipped="0">
  <testcase classname="swarsa.pageobjects.SubmitOrderTest" name="submitOrder" time="8.508"/>
  <testcase classname="swarsa.pageobjects.SubmitOrderTest" name="submitOrder" time="7.997"/>
  <testcase classname="swarsa.pageobjects.SubmitOrderTest" name="OrderHistoryTest" time="4.357"/>
</testsuite> <!-- swarsa.pageobjects.SubmitOrderTest -->
