<?xml version="1.0" encoding="UTF-8"?>
<!-- Generated by org.testng.reporters.JUnitReportReporter -->
<testsuite hostname="DESKTOP-6OC02CU" failures="0" tests="2" name="swarsa.pageobjects.ErrorValidations" time="11.475" errors="0" timestamp="2024-11-16T19:00:58 IST" skipped="0">
  <testcase classname="swarsa.pageobjects.ErrorValidations" name="loginErrorValidation" time="5.445"/>
  <testcase classname="swarsa.pageobjects.ErrorValidations" name="productErrorValidation" time="6.030"/>
</testsuite> <!-- swarsa.pageobjects.ErrorValidations -->
