<?xml version="1.0" encoding="UTF-8"?>
<!-- Generated by org.testng.reporters.JUnitReportReporter -->
<testsuite hostname="DESKTOP-6OC02CU" failures="0" tests="3" name="swarsa.pageobjects.SubmitOrderTest" time="20.961" errors="0" timestamp="2024-11-16T19:00:58 IST" skipped="0">
  <testcase classname="swarsa.pageobjects.SubmitOrderTest" name="submitOrder" time="7.467"/>
  <testcase classname="swarsa.pageobjects.SubmitOrderTest" name="submitOrder" time="7.683"/>
  <testcase classname="swarsa.pageobjects.SubmitOrderTest" name="OrderHistoryTest" time="5.811"/>
</testsuite> <!-- swarsa.pageobjects.SubmitOrderTest -->
